<?xml version="1.0" encoding="UTF-8"?>
<!-- Generated by org.testng.reporters.JUnitXMLReporter -->
<testsuite hostname="Admins-MacBook-Pro.local" ignored="4" name="Default test" tests="2" failures="0" timestamp="2020-11-01T21:14:18 IST" time="30.159" errors="0">
  <testcase name="FooterNegativreSubmitValidation" time="14.699" classname="WebAutomation.HomePageTest"/>
  <testcase name="FooterNegativreSubmitValidation" time="15.42" classname="WebAutomation.HomePageTest"/>
  <testcase name="arrowButtonsSwitchRadioButtonsValidation" time="0.0" classname="WebAutomation.HomePageTest">
    <ignored/>
  </testcase> <!-- arrowButtonsSwitchRadioButtonsValidation -->
  <testcase name="popupValidation" time="0.0" classname="WebAutomation.HomePageTest">
    <ignored/>
  </testcase> <!-- popupValidation -->
  <testcase name="FooterPositiveSubmitValidation" time="0.0" classname="WebAutomation.HomePageTest">
    <ignored/>
  </testcase> <!-- FooterPositiveSubmitValidation -->
  <testcase name="whatsappButtonValidation" time="0.0" classname="WebAutomation.HomePageTest">
    <ignored/>
  </testcase> <!-- whatsappButtonValidation -->
</testsuite> <!-- Default test -->
