<?xml version="1.0" encoding="UTF-8"?>
<!-- Generated by org.testng.reporters.JUnitXMLReporter -->
<testsuite hostname="Admins-MacBook-Pro.local" ignored="4" name="Default test" tests="2" failures="0" timestamp="2020-11-01T21:51:30 IST" time="21.715" errors="0">
  <testcase name="arrowButtonsSwitchRadioButtonsValidation" time="15.319" classname="WebAutomation.HomePageTest"/>
  <testcase name="arrowButtonsSwitchRadioButtonsValidation" time="6.355" classname="WebAutomation.HomePageTest"/>
  <testcase name="popupValidation" time="0.0" classname="WebAutomation.HomePageTest">
    <ignored/>
  </testcase> <!-- popupValidation -->
  <testcase name="FooterPositiveSubmitValidation" time="0.0" classname="WebAutomation.HomePageTest">
    <ignored/>
  </testcase> <!-- FooterPositiveSubmitValidation -->
  <testcase name="FooterNegativreSubmitValidation" time="0.0" classname="WebAutomation.HomePageTest">
    <ignored/>
  </testcase> <!-- FooterNegativreSubmitValidation -->
  <testcase name="whatsappButtonValidation" time="0.0" classname="WebAutomation.HomePageTest">
    <ignored/>
  </testcase> <!-- whatsappButtonValidation -->
</testsuite> <!-- Default test -->
