<!DOCTYPE html>

<html>
  <head>
  <meta charset='utf-8'>
  <title>TestNG reports</title>

    <link type="text/css" href="testng-reports.css" rel="stylesheet" />
    <script type="text/javascript" src="jquery-3.4.1.min.js"></script>
    <script type="text/javascript" src="testng-reports.js"></script>
    <script type="text/javascript" src="https://www.google.com/jsapi"></script>
    <script type='text/javascript'>
      google.load('visualization', '1', {packages:['table']});
      google.setOnLoadCallback(drawTable);
      var suiteTableInitFunctions = new Array();
      var suiteTableData = new Array();
    </script>
    <!--
      <script type="text/javascript" src="jquery-ui/js/jquery-ui-1.8.16.custom.min.js"></script>
     -->
  </head>

  <body>
    <div class="top-banner-root">
      <span class="top-banner-title-font">Test results</span>
      <br/>
      <span class="top-banner-font-1">1 suite, 2 failed tests</span>
    </div> <!-- top-banner-root -->
    <div class="navigator-root">
      <div class="navigator-suite-header">
        <span>All suites</span>
        <a href="#" class="collapse-all-link" title="Collapse/expand all the suites">
          <img class="collapse-all-icon" src="collapseall.gif">
          </img> <!-- collapse-all-icon -->
        </a> <!-- collapse-all-link -->
      </div> <!-- navigator-suite-header -->
      <div class="suite">
        <div class="rounded-window">
          <div class="suite-header light-rounded-window-top">
            <a href="#" class="navigator-link" panel-name="suite-WebAutomation_HomePageTest">
              <span class="suite-name border-failed">WebAutomation.HomePageTest</span>
            </a> <!-- navigator-link -->
          </div> <!-- suite-header light-rounded-window-top -->
          <div class="navigator-suite-content">
            <div class="suite-section-title">
              <span>Info</span>
            </div> <!-- suite-section-title -->
            <div class="suite-section-content">
              <ul>
                <li>
                  <a href="#" class="navigator-link " panel-name="test-xml-WebAutomation_HomePageTest">
                    <span>[unset file name]</span>
                  </a> <!-- navigator-link  -->
                </li>
                <li>
                  <a href="#" class="navigator-link " panel-name="testlist-WebAutomation_HomePageTest">
                    <span class="test-stats">1 test</span>
                  </a> <!-- navigator-link  -->
                </li>
                <li>
                  <a href="#" class="navigator-link " panel-name="group-WebAutomation_HomePageTest">
                    <span>0 groups</span>
                  </a> <!-- navigator-link  -->
                </li>
                <li>
                  <a href="#" class="navigator-link " panel-name="times-WebAutomation_HomePageTest">
                    <span>Times</span>
                  </a> <!-- navigator-link  -->
                </li>
                <li>
                  <a href="#" class="navigator-link " panel-name="reporter-WebAutomation_HomePageTest">
                    <span>Reporter output</span>
                  </a> <!-- navigator-link  -->
                </li>
                <li>
                  <a href="#" class="navigator-link " panel-name="ignored-methods-WebAutomation_HomePageTest">
                    <span>Ignored methods</span>
                  </a> <!-- navigator-link  -->
                </li>
                <li>
                  <a href="#" class="navigator-link " panel-name="chronological-WebAutomation_HomePageTest">
                    <span>Chronological view</span>
                  </a> <!-- navigator-link  -->
                </li>
              </ul>
            </div> <!-- suite-section-content -->
            <div class="result-section">
              <div class="suite-section-title">
                <span>Results</span>
              </div> <!-- suite-section-title -->
              <div class="suite-section-content">
                <ul>
                  <li>
                    <span class="method-stats">10 methods, 2 failed,   8 passed</span>
                  </li>
                  <li>
                    <span class="method-list-title failed">Failed methods</span>
                    <span class="show-or-hide-methods failed">
                      <a href="#" panel-name="suite-WebAutomation_HomePageTest" class="hide-methods failed suite-WebAutomation_HomePageTest"> (hide)</a> <!-- hide-methods failed suite-WebAutomation_HomePageTest -->
                      <a href="#" panel-name="suite-WebAutomation_HomePageTest" class="show-methods failed suite-WebAutomation_HomePageTest"> (show)</a> <!-- show-methods failed suite-WebAutomation_HomePageTest -->
                    </span>
                    <div class="method-list-content failed suite-WebAutomation_HomePageTest">
                      <span>
                        <img width="3%" src="failed.png"/>
                        <a href="#" class="method navigator-link" panel-name="suite-WebAutomation_HomePageTest" title="WebAutomation.HomePageTest" hash-for-method="popupValidation(firefox)">popupValidation(firefox)</a> <!-- method navigator-link -->
                      </span>
                      <br/>
                      <span>
                        <img width="3%" src="failed.png"/>
                        <a href="#" class="method navigator-link" panel-name="suite-WebAutomation_HomePageTest" title="WebAutomation.HomePageTest" hash-for-method="popupValidation(chrome)">popupValidation(chrome)</a> <!-- method navigator-link -->
                      </span>
                      <br/>
                    </div> <!-- method-list-content failed suite-WebAutomation_HomePageTest -->
                  </li>
                  <li>
                    <span class="method-list-title passed">Passed methods</span>
                    <span class="show-or-hide-methods passed">
                      <a href="#" panel-name="suite-WebAutomation_HomePageTest" class="hide-methods passed suite-WebAutomation_HomePageTest"> (hide)</a> <!-- hide-methods passed suite-WebAutomation_HomePageTest -->
                      <a href="#" panel-name="suite-WebAutomation_HomePageTest" class="show-methods passed suite-WebAutomation_HomePageTest"> (show)</a> <!-- show-methods passed suite-WebAutomation_HomePageTest -->
                    </span>
                    <div class="method-list-content passed suite-WebAutomation_HomePageTest">
                      <span>
                        <img width="3%" src="passed.png"/>
                        <a href="#" class="method navigator-link" panel-name="suite-WebAutomation_HomePageTest" title="WebAutomation.HomePageTest" hash-for-method="FooterNegativreSubmitValidation(firefox)">FooterNegativreSubmitValidation(firefox)</a> <!-- method navigator-link -->
                      </span>
                      <br/>
                      <span>
                        <img width="3%" src="passed.png"/>
                        <a href="#" class="method navigator-link" panel-name="suite-WebAutomation_HomePageTest" title="WebAutomation.HomePageTest" hash-for-method="FooterNegativreSubmitValidation(chrome)">FooterNegativreSubmitValidation(chrome)</a> <!-- method navigator-link -->
                      </span>
                      <br/>
                      <span>
                        <img width="3%" src="passed.png"/>
                        <a href="#" class="method navigator-link" panel-name="suite-WebAutomation_HomePageTest" title="WebAutomation.HomePageTest" hash-for-method="FooterPositiveSubmitValidation(firefox)">FooterPositiveSubmitValidation(firefox)</a> <!-- method navigator-link -->
                      </span>
                      <br/>
                      <span>
                        <img width="3%" src="passed.png"/>
                        <a href="#" class="method navigator-link" panel-name="suite-WebAutomation_HomePageTest" title="WebAutomation.HomePageTest" hash-for-method="FooterPositiveSubmitValidation(chrome)">FooterPositiveSubmitValidation(chrome)</a> <!-- method navigator-link -->
                      </span>
                      <br/>
                      <span>
                        <img width="3%" src="passed.png"/>
                        <a href="#" class="method navigator-link" panel-name="suite-WebAutomation_HomePageTest" title="WebAutomation.HomePageTest" hash-for-method="arrowButtonsSwitchRadioButtonsValidation(chrome)">arrowButtonsSwitchRadioButtonsValidation(chrome)</a> <!-- method navigator-link -->
                      </span>
                      <br/>
                      <span>
                        <img width="3%" src="passed.png"/>
                        <a href="#" class="method navigator-link" panel-name="suite-WebAutomation_HomePageTest" title="WebAutomation.HomePageTest" hash-for-method="arrowButtonsSwitchRadioButtonsValidation(firefox)">arrowButtonsSwitchRadioButtonsValidation(firefox)</a> <!-- method navigator-link -->
                      </span>
                      <br/>
                      <span>
                        <img width="3%" src="passed.png"/>
                        <a href="#" class="method navigator-link" panel-name="suite-WebAutomation_HomePageTest" title="WebAutomation.HomePageTest" hash-for-method="whatsappButtonValidation(firefox)">whatsappButtonValidation(firefox)</a> <!-- method navigator-link -->
                      </span>
                      <br/>
                      <span>
                        <img width="3%" src="passed.png"/>
                        <a href="#" class="method navigator-link" panel-name="suite-WebAutomation_HomePageTest" title="WebAutomation.HomePageTest" hash-for-method="whatsappButtonValidation(chrome)">whatsappButtonValidation(chrome)</a> <!-- method navigator-link -->
                      </span>
                      <br/>
                    </div> <!-- method-list-content passed suite-WebAutomation_HomePageTest -->
                  </li>
                </ul>
              </div> <!-- suite-section-content -->
            </div> <!-- result-section -->
          </div> <!-- navigator-suite-content -->
        </div> <!-- rounded-window -->
      </div> <!-- suite -->
    </div> <!-- navigator-root -->
    <div class="wrapper">
      <div class="main-panel-root">
        <div panel-name="suite-WebAutomation_HomePageTest" class="panel WebAutomation_HomePageTest">
          <div class="suite-WebAutomation_HomePageTest-class-failed">
            <div class="main-panel-header rounded-window-top">
              <img src="failed.png"/>
              <span class="class-name">WebAutomation.HomePageTest</span>
            </div> <!-- main-panel-header rounded-window-top -->
            <div class="main-panel-content rounded-window-bottom">
              <div class="method">
                <div class="method-content">
                  <a name="popupValidation(firefox)">
                  </a> <!-- popupValidation(firefox) -->
                  <span class="method-name">popupValidation</span>
                  <span class="parameters">(firefox)</span>
                  <div class="stack-trace">org.openqa.selenium.TimeoutException: Expected condition failed: waiting for element to be clickable: By.cssSelector: .onUnloadPopup__ModalWrapper-v34ylr-0 (tried for 3 second(s) with 500 milliseconds interval)
	at org.openqa.selenium.support.ui.WebDriverWait.timeoutException(WebDriverWait.java:138)
	at org.openqa.selenium.support.ui.FluentWait.until(FluentWait.java:234)
	at WebAutomation.HomePageTest.popupValidation(HomePageTest.java:178)
	at java.util.ArrayList.forEach(ArrayList.java:1257)
Caused by: org.openqa.selenium.NoSuchElementException: Unable to locate element: .onUnloadPopup__ModalWrapper-v34ylr-0
For documentation on this error, please visit: https://selenium.dev/exceptions/#no_such_element
Build info: version: &apos;4.0.0-alpha-4&apos;, revision: &apos;c2d955b49e&apos;
System info: host: &apos;Admins-MacBook-Pro.local&apos;, ip: &apos;fe80:0:0:0:da:2044:ab1b:61ed%en0&apos;, os.name: &apos;Mac OS X&apos;, os.arch: &apos;x86_64&apos;, os.version: &apos;10.15.7&apos;, java.version: &apos;1.8.0_251&apos;
Driver info: org.openqa.selenium.firefox.FirefoxDriver
Capabilities {acceptInsecureCerts: true, browserName: firefox, browserVersion: 82.0.2, javascriptEnabled: true, moz:accessibilityChecks: false, moz:buildID: 20201027185343, moz:geckodriverVersion: 0.26.0, moz:headless: true, moz:processID: 15827, moz:profile: /var/folders/bn/8m1cdzgj589..., moz:shutdownTimeout: 60000, moz:useNonSpecCompliantPointerOrigin: false, moz:webdriverClick: true, pageLoadStrategy: normal, platform: MAC, platformName: MAC, platformVersion: 19.6.0, rotatable: false, setWindowRect: true, strictFileInteractability: false, timeouts: {implicit: 0, pageLoad: 300000, script: 30000}, unhandledPromptBehavior: dismiss and notify}
Session ID: bff0288c-7e56-4d43-8c21-2c8b9f7918ba
*** Element info: {Using=css selector, value=.onUnloadPopup__ModalWrapper-v34ylr-0}
	at org.openqa.selenium.remote.codec.w3c.W3CHttpResponseCodec.createException(W3CHttpResponseCodec.java:196)
	at org.openqa.selenium.remote.codec.w3c.W3CHttpResponseCodec.decode(W3CHttpResponseCodec.java:129)
	at org.openqa.selenium.remote.codec.w3c.W3CHttpResponseCodec.decode(W3CHttpResponseCodec.java:53)
	at org.openqa.selenium.remote.HttpCommandExecutor.execute(HttpCommandExecutor.java:161)
	at org.openqa.selenium.remote.service.DriverCommandExecutor.execute(DriverCommandExecutor.java:83)
	at org.openqa.selenium.remote.RemoteWebDriver.execute(RemoteWebDriver.java:582)
	at org.openqa.selenium.remote.RemoteWebDriver.findElement(RemoteWebDriver.java:333)
	at org.openqa.selenium.remote.RemoteWebDriver.findElementByCssSelector(RemoteWebDriver.java:441)
	at org.openqa.selenium.By$ByCssSelector.findElement(By.java:494)
	at org.openqa.selenium.remote.RemoteWebDriver.findElement(RemoteWebDriver.java:325)
	at org.openqa.selenium.support.ui.ExpectedConditions$7.apply(ExpectedConditions.java:205)
	at org.openqa.selenium.support.ui.ExpectedConditions$7.apply(ExpectedConditions.java:201)
	at org.openqa.selenium.support.ui.ExpectedConditions$22.apply(ExpectedConditions.java:641)
	at org.openqa.selenium.support.ui.ExpectedConditions$22.apply(ExpectedConditions.java:638)
	at org.openqa.selenium.support.ui.FluentWait.until(FluentWait.java:211)
	... 38 more
... Removed 40 stack frames
</div> <!-- stack-trace -->
                </div> <!-- method-content -->
              </div> <!-- method -->
              <div class="method">
                <div class="method-content">
                  <a name="popupValidation(chrome)">
                  </a> <!-- popupValidation(chrome) -->
                  <span class="method-name">popupValidation</span>
                  <span class="parameters">(chrome)</span>
                  <div class="stack-trace">org.openqa.selenium.TimeoutException: Expected condition failed: waiting for element to be clickable: By.cssSelector: .onUnloadPopup__ModalWrapper-v34ylr-0 (tried for 3 second(s) with 500 milliseconds interval)
	at org.openqa.selenium.support.ui.WebDriverWait.timeoutException(WebDriverWait.java:138)
	at org.openqa.selenium.support.ui.FluentWait.until(FluentWait.java:234)
	at WebAutomation.HomePageTest.popupValidation(HomePageTest.java:178)
	at java.util.ArrayList.forEach(ArrayList.java:1257)
Caused by: org.openqa.selenium.NoSuchElementException: no such element: Unable to locate element: {&quot;method&quot;:&quot;css selector&quot;,&quot;selector&quot;:&quot;.onUnloadPopup__ModalWrapper-v34ylr-0&quot;}
  (Session info: headless chrome=86.0.4240.111)
For documentation on this error, please visit: https://selenium.dev/exceptions/#no_such_element
Build info: version: &apos;4.0.0-alpha-4&apos;, revision: &apos;c2d955b49e&apos;
System info: host: &apos;Admins-MacBook-Pro.local&apos;, ip: &apos;fe80:0:0:0:da:2044:ab1b:61ed%en0&apos;, os.name: &apos;Mac OS X&apos;, os.arch: &apos;x86_64&apos;, os.version: &apos;10.15.7&apos;, java.version: &apos;1.8.0_251&apos;
Driver info: org.openqa.selenium.chrome.ChromeDriver
Capabilities {acceptInsecureCerts: false, browserName: chrome, browserVersion: 86.0.4240.111, chrome: {chromedriverVersion: 86.0.4240.22 (398b0743353ff..., userDataDir: /var/folders/bn/8m1cdzgj589...}, goog:chromeOptions: {debuggerAddress: localhost:54726}, javascriptEnabled: true, networkConnectionEnabled: false, pageLoadStrategy: normal, platform: MAC, platformName: MAC, proxy: Proxy(), setWindowRect: true, strictFileInteractability: false, timeouts: {implicit: 0, pageLoad: 300000, script: 30000}, unhandledPromptBehavior: dismiss and notify, webauthn:virtualAuthenticators: true}
Session ID: 32ebd96a7f152921715abc6d7b74da15
*** Element info: {Using=css selector, value=.onUnloadPopup__ModalWrapper-v34ylr-0}
	at org.openqa.selenium.remote.codec.w3c.W3CHttpResponseCodec.createException(W3CHttpResponseCodec.java:196)
	at org.openqa.selenium.remote.codec.w3c.W3CHttpResponseCodec.decode(W3CHttpResponseCodec.java:129)
	at org.openqa.selenium.remote.codec.w3c.W3CHttpResponseCodec.decode(W3CHttpResponseCodec.java:53)
	at org.openqa.selenium.remote.HttpCommandExecutor.execute(HttpCommandExecutor.java:161)
	at org.openqa.selenium.remote.service.DriverCommandExecutor.execute(DriverCommandExecutor.java:83)
	at org.openqa.selenium.remote.RemoteWebDriver.execute(RemoteWebDriver.java:582)
	at org.openqa.selenium.remote.RemoteWebDriver.findElement(RemoteWebDriver.java:333)
	at org.openqa.selenium.remote.RemoteWebDriver.findElementByCssSelector(RemoteWebDriver.java:441)
	at org.openqa.selenium.By$ByCssSelector.findElement(By.java:494)
	at org.openqa.selenium.remote.RemoteWebDriver.findElement(RemoteWebDriver.java:325)
	at org.openqa.selenium.support.ui.ExpectedConditions$7.apply(ExpectedConditions.java:205)
	at org.openqa.selenium.support.ui.ExpectedConditions$7.apply(ExpectedConditions.java:201)
	at org.openqa.selenium.support.ui.ExpectedConditions$22.apply(ExpectedConditions.java:641)
	at org.openqa.selenium.support.ui.ExpectedConditions$22.apply(ExpectedConditions.java:638)
	at org.openqa.selenium.support.ui.FluentWait.until(FluentWait.java:211)
	... 38 more
... Removed 40 stack frames
</div> <!-- stack-trace -->
                </div> <!-- method-content -->
              </div> <!-- method -->
            </div> <!-- main-panel-content rounded-window-bottom -->
          </div> <!-- suite-WebAutomation_HomePageTest-class-failed -->
          <div class="suite-WebAutomation_HomePageTest-class-passed">
            <div class="main-panel-header rounded-window-top">
              <img src="passed.png"/>
              <span class="class-name">WebAutomation.HomePageTest</span>
            </div> <!-- main-panel-header rounded-window-top -->
            <div class="main-panel-content rounded-window-bottom">
              <div class="method">
                <div class="method-content">
                  <a name="FooterNegativreSubmitValidation(firefox)">
                  </a> <!-- FooterNegativreSubmitValidation(firefox) -->
                  <span class="method-name">FooterNegativreSubmitValidation</span>
                  <span class="parameters">(firefox)</span>
                </div> <!-- method-content -->
              </div> <!-- method -->
              <div class="method">
                <div class="method-content">
                  <a name="FooterNegativreSubmitValidation(chrome)">
                  </a> <!-- FooterNegativreSubmitValidation(chrome) -->
                  <span class="method-name">FooterNegativreSubmitValidation</span>
                  <span class="parameters">(chrome)</span>
                </div> <!-- method-content -->
              </div> <!-- method -->
              <div class="method">
                <div class="method-content">
                  <a name="FooterPositiveSubmitValidation(firefox)">
                  </a> <!-- FooterPositiveSubmitValidation(firefox) -->
                  <span class="method-name">FooterPositiveSubmitValidation</span>
                  <span class="parameters">(firefox)</span>
                </div> <!-- method-content -->
              </div> <!-- method -->
              <div class="method">
                <div class="method-content">
                  <a name="FooterPositiveSubmitValidation(chrome)">
                  </a> <!-- FooterPositiveSubmitValidation(chrome) -->
                  <span class="method-name">FooterPositiveSubmitValidation</span>
                  <span class="parameters">(chrome)</span>
                </div> <!-- method-content -->
              </div> <!-- method -->
              <div class="method">
                <div class="method-content">
                  <a name="arrowButtonsSwitchRadioButtonsValidation(chrome)">
                  </a> <!-- arrowButtonsSwitchRadioButtonsValidation(chrome) -->
                  <span class="method-name">arrowButtonsSwitchRadioButtonsValidation</span>
                  <span class="parameters">(chrome)</span>
                </div> <!-- method-content -->
              </div> <!-- method -->
              <div class="method">
                <div class="method-content">
                  <a name="arrowButtonsSwitchRadioButtonsValidation(firefox)">
                  </a> <!-- arrowButtonsSwitchRadioButtonsValidation(firefox) -->
                  <span class="method-name">arrowButtonsSwitchRadioButtonsValidation</span>
                  <span class="parameters">(firefox)</span>
                </div> <!-- method-content -->
              </div> <!-- method -->
              <div class="method">
                <div class="method-content">
                  <a name="whatsappButtonValidation(firefox)">
                  </a> <!-- whatsappButtonValidation(firefox) -->
                  <span class="method-name">whatsappButtonValidation</span>
                  <span class="parameters">(firefox)</span>
                </div> <!-- method-content -->
              </div> <!-- method -->
              <div class="method">
                <div class="method-content">
                  <a name="whatsappButtonValidation(chrome)">
                  </a> <!-- whatsappButtonValidation(chrome) -->
                  <span class="method-name">whatsappButtonValidation</span>
                  <span class="parameters">(chrome)</span>
                </div> <!-- method-content -->
              </div> <!-- method -->
            </div> <!-- main-panel-content rounded-window-bottom -->
          </div> <!-- suite-WebAutomation_HomePageTest-class-passed -->
        </div> <!-- panel WebAutomation_HomePageTest -->
        <div panel-name="test-xml-WebAutomation_HomePageTest" class="panel">
          <div class="main-panel-header rounded-window-top">
          </div> <!-- main-panel-header rounded-window-top -->
          <div class="main-panel-content rounded-window-bottom">
            <pre>
&lt;?xml version=&quot;1.0&quot; encoding=&quot;UTF-8&quot;?&gt;
&lt;!DOCTYPE suite SYSTEM &quot;https://testng.org/testng-1.0.dtd&quot;&gt;
&lt;suite verbose=&quot;0&quot; name=&quot;WebAutomation.HomePageTest&quot;&gt;
  &lt;test thread-count=&quot;5&quot; verbose=&quot;0&quot; name=&quot;Command line test&quot;&gt;
    &lt;classes&gt;
      &lt;class name=&quot;WebAutomation.HomePageTest&quot;/&gt;
    &lt;/classes&gt;
  &lt;/test&gt; &lt;!-- Command line test --&gt;
&lt;/suite&gt; &lt;!-- WebAutomation.HomePageTest --&gt;
            </pre>
          </div> <!-- main-panel-content rounded-window-bottom -->
        </div> <!-- panel -->
        <div panel-name="testlist-WebAutomation_HomePageTest" class="panel">
          <div class="main-panel-header rounded-window-top">
            <span class="header-content">Tests for WebAutomation.HomePageTest</span>
          </div> <!-- main-panel-header rounded-window-top -->
          <div class="main-panel-content rounded-window-bottom">
            <ul>
              <li>
                <span class="test-name">Command line test (1 class)</span>
              </li>
            </ul>
          </div> <!-- main-panel-content rounded-window-bottom -->
        </div> <!-- panel -->
        <div panel-name="group-WebAutomation_HomePageTest" class="panel">
          <div class="main-panel-header rounded-window-top">
            <span class="header-content">Groups for WebAutomation.HomePageTest</span>
          </div> <!-- main-panel-header rounded-window-top -->
          <div class="main-panel-content rounded-window-bottom">
          </div> <!-- main-panel-content rounded-window-bottom -->
        </div> <!-- panel -->
        <div panel-name="times-WebAutomation_HomePageTest" class="panel">
          <div class="main-panel-header rounded-window-top">
            <span class="header-content">Times for WebAutomation.HomePageTest</span>
          </div> <!-- main-panel-header rounded-window-top -->
          <div class="main-panel-content rounded-window-bottom">
            <div class="times-div">
              <script type="text/javascript">
suiteTableInitFunctions.push('tableData_WebAutomation_HomePageTest');
function tableData_WebAutomation_HomePageTest() {
var data = new google.visualization.DataTable();
data.addColumn('number', 'Number');
data.addColumn('string', 'Method');
data.addColumn('string', 'Class');
data.addColumn('number', 'Time (ms)');
data.addRows(10);
data.setCell(0, 0, 0)
data.setCell(0, 1, 'popupValidation')
data.setCell(0, 2, 'WebAutomation.HomePageTest')
data.setCell(0, 3, 15242);
data.setCell(1, 0, 1)
data.setCell(1, 1, 'FooterNegativreSubmitValidation')
data.setCell(1, 2, 'WebAutomation.HomePageTest')
data.setCell(1, 3, 14455);
data.setCell(2, 0, 2)
data.setCell(2, 1, 'arrowButtonsSwitchRadioButtonsValidation')
data.setCell(2, 2, 'WebAutomation.HomePageTest')
data.setCell(2, 3, 14276);
data.setCell(3, 0, 3)
data.setCell(3, 1, 'FooterNegativreSubmitValidation')
data.setCell(3, 2, 'WebAutomation.HomePageTest')
data.setCell(3, 3, 14047);
data.setCell(4, 0, 4)
data.setCell(4, 1, 'popupValidation')
data.setCell(4, 2, 'WebAutomation.HomePageTest')
data.setCell(4, 3, 13227);
data.setCell(5, 0, 5)
data.setCell(5, 1, 'whatsappButtonValidation')
data.setCell(5, 2, 'WebAutomation.HomePageTest')
data.setCell(5, 3, 6834);
data.setCell(6, 0, 6)
data.setCell(6, 1, 'arrowButtonsSwitchRadioButtonsValidation')
data.setCell(6, 2, 'WebAutomation.HomePageTest')
data.setCell(6, 3, 6508);
data.setCell(7, 0, 7)
data.setCell(7, 1, 'FooterPositiveSubmitValidation')
data.setCell(7, 2, 'WebAutomation.HomePageTest')
data.setCell(7, 3, 5684);
data.setCell(8, 0, 8)
data.setCell(8, 1, 'FooterPositiveSubmitValidation')
data.setCell(8, 2, 'WebAutomation.HomePageTest')
data.setCell(8, 3, 5675);
data.setCell(9, 0, 9)
data.setCell(9, 1, 'whatsappButtonValidation')
data.setCell(9, 2, 'WebAutomation.HomePageTest')
data.setCell(9, 3, 4396);
window.suiteTableData['WebAutomation_HomePageTest']= { tableData: data, tableDiv: 'times-div-WebAutomation_HomePageTest'}
return data;
}
              </script>
              <span class="suite-total-time">Total running time: 1 minutes</span>
              <div id="times-div-WebAutomation_HomePageTest">
              </div> <!-- times-div-WebAutomation_HomePageTest -->
            </div> <!-- times-div -->
          </div> <!-- main-panel-content rounded-window-bottom -->
        </div> <!-- panel -->
        <div panel-name="reporter-WebAutomation_HomePageTest" class="panel">
          <div class="main-panel-header rounded-window-top">
            <span class="header-content">Reporter output for WebAutomation.HomePageTest</span>
          </div> <!-- main-panel-header rounded-window-top -->
          <div class="main-panel-content rounded-window-bottom">
          </div> <!-- main-panel-content rounded-window-bottom -->
        </div> <!-- panel -->
        <div panel-name="ignored-methods-WebAutomation_HomePageTest" class="panel">
          <div class="main-panel-header rounded-window-top">
            <span class="header-content">0 ignored methods</span>
          </div> <!-- main-panel-header rounded-window-top -->
          <div class="main-panel-content rounded-window-bottom">
          </div> <!-- main-panel-content rounded-window-bottom -->
        </div> <!-- panel -->
        <div panel-name="chronological-WebAutomation_HomePageTest" class="panel">
          <div class="main-panel-header rounded-window-top">
            <span class="header-content">Methods in chronological order</span>
          </div> <!-- main-panel-header rounded-window-top -->
          <div class="main-panel-content rounded-window-bottom">
            <div class="chronological-class">
              <div class="chronological-class-name">WebAutomation.HomePageTest</div> <!-- chronological-class-name -->
              <div class="test-method">
                <span class="method-name">FooterNegativreSubmitValidation(chrome)</span>
                <span class="method-start">0 ms</span>
              </div> <!-- test-method -->
              <div class="test-method">
                <span class="method-name">FooterNegativreSubmitValidation(firefox)</span>
                <span class="method-start">14458 ms</span>
              </div> <!-- test-method -->
              <div class="test-method">
                <span class="method-name">FooterPositiveSubmitValidation(chrome)</span>
                <span class="method-start">28506 ms</span>
              </div> <!-- test-method -->
              <div class="test-method">
                <span class="method-name">FooterPositiveSubmitValidation(firefox)</span>
                <span class="method-start">34190 ms</span>
              </div> <!-- test-method -->
              <div class="test-method">
                <span class="method-name">arrowButtonsSwitchRadioButtonsValidation(chrome)</span>
                <span class="method-start">39866 ms</span>
              </div> <!-- test-method -->
              <div class="test-method">
                <span class="method-name">arrowButtonsSwitchRadioButtonsValidation(firefox)</span>
                <span class="method-start">54143 ms</span>
              </div> <!-- test-method -->
              <div class="test-method">
                <img src="failed.png">
                </img>
                <span class="method-name">popupValidation(chrome)</span>
                <span class="method-start">60652 ms</span>
              </div> <!-- test-method -->
              <div class="test-method">
                <img src="failed.png">
                </img>
                <span class="method-name">popupValidation(firefox)</span>
                <span class="method-start">73882 ms</span>
              </div> <!-- test-method -->
              <div class="test-method">
                <span class="method-name">whatsappButtonValidation(chrome)</span>
                <span class="method-start">89126 ms</span>
              </div> <!-- test-method -->
              <div class="test-method">
                <span class="method-name">whatsappButtonValidation(firefox)</span>
                <span class="method-start">93522 ms</span>
              </div> <!-- test-method -->
          </div> <!-- main-panel-content rounded-window-bottom -->
        </div> <!-- panel -->
      </div> <!-- main-panel-root -->
    </div> <!-- wrapper -->
  </body>
</html>
