<?xml version="1.0" encoding="UTF-8"?>
<testng-results skipped="0" failed="0" ignored="4" total="6" passed="2">
  <reporter-output>
  </reporter-output>
  <suite name="Default suite" duration-ms="21715" started-at="2020-11-01T21:51:08 IST" finished-at="2020-11-01T21:51:30 IST">
    <groups>
    </groups>
    <test name="Default test" duration-ms="21715" started-at="2020-11-01T21:51:08 IST" finished-at="2020-11-01T21:51:30 IST">
      <class name="WebAutomation.HomePageTest">
        <test-method status="PASS" signature="arrowButtonsSwitchRadioButtonsValidation(java.lang.String)[pri:0, instance:WebAutomation.HomePageTest@5faeada1]" name="arrowButtonsSwitchRadioButtonsValidation" duration-ms="15319" started-at="2020-11-01T21:51:08 IST" data-provider="getData" finished-at="2020-11-01T21:51:23 IST">
          <params>
            <param index="0">
              <value>
                <![CDATA[chrome]]>
              </value>
            </param>
          </params>
          <reporter-output>
          </reporter-output>
        </test-method> <!-- arrowButtonsSwitchRadioButtonsValidation -->
        <test-method status="PASS" signature="arrowButtonsSwitchRadioButtonsValidation(java.lang.String)[pri:0, instance:WebAutomation.HomePageTest@5faeada1]" name="arrowButtonsSwitchRadioButtonsValidation" duration-ms="6355" started-at="2020-11-01T21:51:23 IST" data-provider="getData" finished-at="2020-11-01T21:51:30 IST">
          <params>
            <param index="0">
              <value>
                <![CDATA[firefox]]>
              </value>
            </param>
          </params>
          <reporter-output>
          </reporter-output>
        </test-method> <!-- arrowButtonsSwitchRadioButtonsValidation -->
      </class> <!-- WebAutomation.HomePageTest -->
    </test> <!-- Default test -->
  </suite> <!-- Default suite -->
</testng-results>
